<?xml version="1.0" encoding="UTF-8"?>
<testsuites name="Login Test Cases" time="131.478" tests="1" failures="1" errors="0">
   <testsuite name="Login Test Cases" tests="1" failures="1" errors="0" time="131.478" timestamp="2020-02-20 17:56:15" hostname="supri - 192.168.1.204" id="Test Suites/Login Test Cases">
      <properties>
         <property name="deviceName" value=""/>
         <property name="devicePlatform" value=""/>
         <property name="logFolder" value="C:\\Users\\supri\\Katalon Studio\\AxelerantSkillTest\\Reports\\20200220_175601\\Login Test Cases\\20200220_175601"/>
         <property name="logFiles" value="C:\\Users\\supri\\Katalon Studio\\AxelerantSkillTest\\Reports\\20200220_175601\\Login Test Cases\\20200220_175601\\execution0.log"/>
         <property name="attachments" value=""/>
         <property name="hostName" value="supri - 192.168.1.204"/>
         <property name="os" value="Windows 10 64bit"/>
         <property name="katalonVersion" value="7.2.1.1"/>
         <property name="browser" value="Firefox 73.0"/>
         <property name="hostAddress" value="192.168.1.204"/>
         <property name="sessionId" value="efee2245-d454-4e94-bbc1-bb054c12b180"/>
         <property name="seleniumVersion" value="3.141.59"/>
         <property name="proxyInformation" value="ProxyInformation{proxyOption=NO_PROXY, proxyServerType=HTTP, password=, proxyServerAddress=, proxyServerPort=0, executionList=}"/>
         <property name="platform" value="Windows 10"/>
      </properties>
      <testcase name="Test Cases/Login" time="130.605" classname="Test Cases/Login" status="FAILED">
         <failure type="FAILED" message="Test Cases/Login FAILED.
Reason:
com.kms.katalon.core.exception.StepFailedException: Unable to set text 'chopade.supriya+0.7@gmail.com' of object 'Object Repository/Page_Register/input_Mobile Number_email'
	at com.kms.katalon.core.webui.keyword.internal.WebUIKeywordMain.stepFailed(WebUIKeywordMain.groovy:64)
	at com.kms.katalon.core.webui.keyword.internal.WebUIKeywordMain.runKeyword(WebUIKeywordMain.groovy:26)
	at com.kms.katalon.core.webui.keyword.builtin.SetTextKeyword.setText(SetTextKeyword.groovy:66)
	at com.kms.katalon.core.webui.keyword.builtin.SetTextKeyword.execute(SetTextKeyword.groovy:37)
	at com.kms.katalon.core.keyword.internal.KeywordExecutor.executeKeywordForPlatform(KeywordExecutor.groovy:72)
	at com.kms.katalon.core.webui.keyword.WebUiBuiltInKeywords.setText(WebUiBuiltInKeywords.groovy:950)
	at com.kms.katalon.core.webui.keyword.WebUiBuiltInKeywords$setText$3.call(Unknown Source)
	at com.Utilities.CommonUtilities.SignUp(CommonUtilities.groovy:113)
	at com.Utilities.CommonUtilities.invokeMethod(CommonUtilities.groovy)
	at com.kms.katalon.core.main.CustomKeywordDelegatingMetaClass.invokeStaticMethod(CustomKeywordDelegatingMetaClass.java:50)
	at Login.run(Login:34)
	at com.kms.katalon.core.main.ScriptEngine.run(ScriptEngine.java:194)
	at com.kms.katalon.core.main.ScriptEngine.runScriptAsRawText(ScriptEngine.java:119)
	at com.kms.katalon.core.main.TestCaseExecutor.runScript(TestCaseExecutor.java:337)
	at com.kms.katalon.core.main.TestCaseExecutor.doExecute(TestCaseExecutor.java:328)
	at com.kms.katalon.core.main.TestCaseExecutor.processExecutionPhase(TestCaseExecutor.java:307)
	at com.kms.katalon.core.main.TestCaseExecutor.accessMainPhase(TestCaseExecutor.java:299)
	at com.kms.katalon.core.main.TestCaseExecutor.execute(TestCaseExecutor.java:233)
	at com.kms.katalon.core.main.TestSuiteExecutor.accessTestCaseMainPhase(TestSuiteExecutor.java:169)
	at com.kms.katalon.core.main.TestSuiteExecutor.accessTestSuiteMainPhase(TestSuiteExecutor.java:142)
	at com.kms.katalon.core.main.TestSuiteExecutor.execute(TestSuiteExecutor.java:91)
	at com.kms.katalon.core.main.TestCaseMain.startTestSuite(TestCaseMain.java:157)
	at com.kms.katalon.core.main.TestCaseMain$startTestSuite$0.call(Unknown Source)
	at TempTestSuite1582201562627.run(TempTestSuite1582201562627.groovy:36)
Caused by: org.openqa.selenium.NoSuchWindowException: Browsing context has been discarded
Build info: version: '3.141.59', revision: 'e82be7d358', time: '2018-11-14T08:25:53'
System info: host: 'DESKTOP-K853U50', ip: '192.168.1.204', os.name: 'Windows 10', os.arch: 'amd64', os.version: '10.0', java.version: '1.8.0_181'
Driver info: com.kms.katalon.core.webui.driver.firefox.CGeckoDriver
Capabilities {acceptInsecureCerts: true, browserName: firefox, browserVersion: 73.0.1, javascriptEnabled: true, moz:accessibilityChecks: false, moz:buildID: 20200217142647, moz:geckodriverVersion: 0.24.0, moz:headless: false, moz:processID: 18628, moz:profile: C:\Users\supri\AppData\Loca..., moz:shutdownTimeout: 60000, moz:useNonSpecCompliantPointerOrigin: false, moz:webdriverClick: true, pageLoadStrategy: normal, platform: WINDOWS, platformName: WINDOWS, platformVersion: 10.0, proxy: Proxy(direct), rotatable: false, setWindowRect: true, strictFileInteractability: false, timeouts: {implicit: 0, pageLoad: 300000, script: 30000}, unhandledPromptBehavior: dismiss and notify}
Session ID: efee2245-d454-4e94-bbc1-bb054c12b180
	at org.openqa.selenium.remote.http.W3CHttpResponseCodec.createException(W3CHttpResponseCodec.java:187)
	at org.openqa.selenium.remote.http.W3CHttpResponseCodec.decode(W3CHttpResponseCodec.java:122)
	at org.openqa.selenium.remote.http.W3CHttpResponseCodec.decode(W3CHttpResponseCodec.java:49)
	at org.openqa.selenium.remote.HttpCommandExecutor.execute(HttpCommandExecutor.java:158)
	at org.openqa.selenium.remote.service.DriverCommandExecutor.execute(DriverCommandExecutor.java:83)
	at org.openqa.selenium.remote.RemoteWebDriver.execute(RemoteWebDriver.java:552)
	at com.kms.katalon.selenium.driver.CFirefoxDriver.execute(CFirefoxDriver.java:27)
	at org.openqa.selenium.remote.RemoteWebElement.execute(RemoteWebElement.java:285)
	at org.openqa.selenium.remote.RemoteWebElement.clear(RemoteWebElement.java:124)
	at org.openqa.selenium.support.events.EventFiringWebDriver$EventFiringWebElement.lambda$new$0(EventFiringWebDriver.java:404)
	at com.sun.proxy.$Proxy9.clear(Unknown Source)
	at org.openqa.selenium.support.events.EventFiringWebDriver$EventFiringWebElement.clear(EventFiringWebDriver.java:436)
	at com.kms.katalon.core.webui.keyword.builtin.SetTextKeyword$_setText_closure1.doCall(SetTextKeyword.groovy:53)
	at com.kms.katalon.core.webui.keyword.builtin.SetTextKeyword$_setText_closure1.call(SetTextKeyword.groovy)
	at com.kms.katalon.core.webui.keyword.internal.WebUIKeywordMain.runKeyword(WebUIKeywordMain.groovy:20)
	... 22 more
"/>
         <system-out><![CDATA[2020-02-20 17:56:16 - [TEST_CASE][FAILED] - Test Cases/Login: Test Cases/Login FAILED.
Reason:
com.kms.katalon.core.exception.StepFailedException: Unable to set text 'chopade.supriya+0.7@gmail.com' of object 'Object Repository/Page_Register/input_Mobile Number_email'
	at com.kms.katalon.core.webui.keyword.internal.WebUIKeywordMain.stepFailed(WebUIKeywordMain.groovy:64)
	at com.kms.katalon.core.webui.keyword.internal.WebUIKeywordMain.runKeyword(WebUIKeywordMain.groovy:26)
	at com.kms.katalon.core.webui.keyword.builtin.SetTextKeyword.setText(SetTextKeyword.groovy:66)
	at com.kms.katalon.core.webui.keyword.builtin.SetTextKeyword.execute(SetTextKeyword.groovy:37)
	at com.kms.katalon.core.keyword.internal.KeywordExecutor.executeKeywordForPlatform(KeywordExecutor.groovy:72)
	at com.kms.katalon.core.webui.keyword.WebUiBuiltInKeywords.setText(WebUiBuiltInKeywords.groovy:950)
	at com.kms.katalon.core.webui.keyword.WebUiBuiltInKeywords$setText$3.call(Unknown Source)
	at com.Utilities.CommonUtilities.SignUp(CommonUtilities.groovy:113)
	at com.Utilities.CommonUtilities.invokeMethod(CommonUtilities.groovy)
	at com.kms.katalon.core.main.CustomKeywordDelegatingMetaClass.invokeStaticMethod(CustomKeywordDelegatingMetaClass.java:50)
	at Login.run(Login:34)
	at com.kms.katalon.core.main.ScriptEngine.run(ScriptEngine.java:194)
	at com.kms.katalon.core.main.ScriptEngine.runScriptAsRawText(ScriptEngine.java:119)
	at com.kms.katalon.core.main.TestCaseExecutor.runScript(TestCaseExecutor.java:337)
	at com.kms.katalon.core.main.TestCaseExecutor.doExecute(TestCaseExecutor.java:328)
	at com.kms.katalon.core.main.TestCaseExecutor.processExecutionPhase(TestCaseExecutor.java:307)
	at com.kms.katalon.core.main.TestCaseExecutor.accessMainPhase(TestCaseExecutor.java:299)
	at com.kms.katalon.core.main.TestCaseExecutor.execute(TestCaseExecutor.java:233)
	at com.kms.katalon.core.main.TestSuiteExecutor.accessTestCaseMainPhase(TestSuiteExecutor.java:169)
	at com.kms.katalon.core.main.TestSuiteExecutor.accessTestSuiteMainPhase(TestSuiteExecutor.java:142)
	at com.kms.katalon.core.main.TestSuiteExecutor.execute(TestSuiteExecutor.java:91)
	at com.kms.katalon.core.main.TestCaseMain.startTestSuite(TestCaseMain.java:157)
	at com.kms.katalon.core.main.TestCaseMain$startTestSuite$0.call(Unknown Source)
	at TempTestSuite1582201562627.run(TempTestSuite1582201562627.groovy:36)
Caused by: org.openqa.selenium.NoSuchWindowException: Browsing context has been discarded
Build info: version: '3.141.59', revision: 'e82be7d358', time: '2018-11-14T08:25:53'
System info: host: 'DESKTOP-K853U50', ip: '192.168.1.204', os.name: 'Windows 10', os.arch: 'amd64', os.version: '10.0', java.version: '1.8.0_181'
Driver info: com.kms.katalon.core.webui.driver.firefox.CGeckoDriver
Capabilities {acceptInsecureCerts: true, browserName: firefox, browserVersion: 73.0.1, javascriptEnabled: true, moz:accessibilityChecks: false, moz:buildID: 20200217142647, moz:geckodriverVersion: 0.24.0, moz:headless: false, moz:processID: 18628, moz:profile: C:\Users\supri\AppData\Loca..., moz:shutdownTimeout: 60000, moz:useNonSpecCompliantPointerOrigin: false, moz:webdriverClick: true, pageLoadStrategy: normal, platform: WINDOWS, platformName: WINDOWS, platformVersion: 10.0, proxy: Proxy(direct), rotatable: false, setWindowRect: true, strictFileInteractability: false, timeouts: {implicit: 0, pageLoad: 300000, script: 30000}, unhandledPromptBehavior: dismiss and notify}
Session ID: efee2245-d454-4e94-bbc1-bb054c12b180
	at org.openqa.selenium.remote.http.W3CHttpResponseCodec.createException(W3CHttpResponseCodec.java:187)
	at org.openqa.selenium.remote.http.W3CHttpResponseCodec.decode(W3CHttpResponseCodec.java:122)
	at org.openqa.selenium.remote.http.W3CHttpResponseCodec.decode(W3CHttpResponseCodec.java:49)
	at org.openqa.selenium.remote.HttpCommandExecutor.execute(HttpCommandExecutor.java:158)
	at org.openqa.selenium.remote.service.DriverCommandExecutor.execute(DriverCommandExecutor.java:83)
	at org.openqa.selenium.remote.RemoteWebDriver.execute(RemoteWebDriver.java:552)
	at com.kms.katalon.selenium.driver.CFirefoxDriver.execute(CFirefoxDriver.java:27)
	at org.openqa.selenium.remote.RemoteWebElement.execute(RemoteWebElement.java:285)
	at org.openqa.selenium.remote.RemoteWebElement.clear(RemoteWebElement.java:124)
	at org.openqa.selenium.support.events.EventFiringWebDriver$EventFiringWebElement.lambda$new$0(EventFiringWebDriver.java:404)
	at com.sun.proxy.$Proxy9.clear(Unknown Source)
	at org.openqa.selenium.support.events.EventFiringWebDriver$EventFiringWebElement.clear(EventFiringWebDriver.java:436)
	at com.kms.katalon.core.webui.keyword.builtin.SetTextKeyword$_setText_closure1.doCall(SetTextKeyword.groovy:53)
	at com.kms.katalon.core.webui.keyword.builtin.SetTextKeyword$_setText_closure1.call(SetTextKeyword.groovy)
	at com.kms.katalon.core.webui.keyword.internal.WebUIKeywordMain.runKeyword(WebUIKeywordMain.groovy:20)
	... 22 more


2020-02-20 17:56:16 - [TEST_STEP][PASSED] - com.Utilities.CommonUtilities.launchSite(): com.Utilities.CommonUtilities.launchSite is PASSED

2020-02-20 17:56:17 - [MESSAGE][INFO] - Starting 'Firefox' driver

2020-02-20 17:56:17 - [MESSAGE][INFO] - Action delay is set to 0 seconds

2020-02-20 17:56:54 - [MESSAGE][PASSED] - Browser is opened with url: ''

2020-02-20 17:57:17 - [MESSAGE][PASSED] - Navigate to 'https://www.phptravels.net/home' successfully

2020-02-20 17:57:22 - [MESSAGE][PASSED] - Refresh successfully

2020-02-20 17:57:27 - [MESSAGE][PASSED] - Delayed 5 second(s)

2020-02-20 17:57:27 - [MESSAGE][PASSED] - com.Utilities.CommonUtilities.launchSite is PASSED

2020-02-20 17:57:27 - [TEST_STEP][FAILED] - for ([i = 1, i <= 2, (i++)]): Unable to set text 'chopade.supriya+0.7@gmail.com' of object 'Object Repository/Page_Register/input_Mobile Number_email'

2020-02-20 17:57:27 - [TEST_STEP][PASSED] - fName = findTestData("TestData").getValue(1, i): null

2020-02-20 17:57:28 - [TEST_STEP][PASSED] - lName = findTestData("TestData").getValue(2, i): null

2020-02-20 17:57:28 - [TEST_STEP][PASSED] - phoneNo = findTestData("TestData").getValue(3, i): null

2020-02-20 17:57:28 - [TEST_STEP][PASSED] - email = findTestData("TestData").getValue(4, i): null

2020-02-20 17:57:28 - [TEST_STEP][PASSED] - password = findTestData("TestData").getValue(5, i): null

2020-02-20 17:57:28 - [TEST_STEP][PASSED] - com.Utilities.CommonUtilities.SignUp(fName, lName, phoneNo, email, password): com.Utilities.CommonUtilities.SignUp is PASSED

2020-02-20 17:57:31 - [MESSAGE][PASSED] - Navigate to 'https://www.phptravels.net/login' successfully

2020-02-20 17:57:34 - [MESSAGE][PASSED] - Object: 'Object Repository/Page_Login/a_Sign Up' is clicked on

2020-02-20 17:57:34 - [MESSAGE][PASSED] - Object: 'Object Repository/Page_Register/span_First Name' is clicked on

2020-02-20 17:57:35 - [MESSAGE][PASSED] - Text 'Data' is set on object 'Object Repository/Page_Register/input_Sign Up_firstname'

2020-02-20 17:57:36 - [MESSAGE][PASSED] - Object: 'Object Repository/Page_Register/span_Last Name' is clicked on

2020-02-20 17:57:36 - [MESSAGE][PASSED] - Object: 'Object Repository/Page_Register/input_First Name_lastname' is clicked on

2020-02-20 17:57:37 - [MESSAGE][PASSED] - Text 'One' is set on object 'Object Repository/Page_Register/input_First Name_lastname'

2020-02-20 17:57:37 - [MESSAGE][PASSED] - Object: 'Object Repository/Page_Register/span_Mobile Number' is clicked on

2020-02-20 17:57:38 - [MESSAGE][PASSED] - Text '9921973333' is set on object 'Object Repository/Page_Register/input_Last Name_phone'

2020-02-20 17:57:38 - [MESSAGE][PASSED] - Object: 'Object Repository/Page_Register/span_Email' is clicked on

2020-02-20 17:57:39 - [MESSAGE][PASSED] - Text 'chopade.supriya+0.6@gmail.com' is set on object 'Object Repository/Page_Register/input_Mobile Number_email'

2020-02-20 17:57:39 - [MESSAGE][PASSED] - Object: 'Object Repository/Page_Register/span_Password' is clicked on

2020-02-20 17:57:39 - [MESSAGE][PASSED] - Text 'Tester#123' is set on object 'Object Repository/Page_Register/input_Email_password'

2020-02-20 17:57:40 - [MESSAGE][PASSED] - Object: 'Object Repository/Page_Register/span_Confirm Password' is clicked on

2020-02-20 17:57:41 - [MESSAGE][PASSED] - Object: 'Object Repository/Page_Register/span_Email' is clicked on

2020-02-20 17:57:41 - [MESSAGE][PASSED] - Text 'Tester#123' is set on object 'Object Repository/Page_Register/input_Password_confirmpassword'

2020-02-20 17:57:42 - [MESSAGE][PASSED] - Object: 'Object Repository/Page_Register/span_Email' is clicked on

2020-02-20 17:57:42 - [MESSAGE][PASSED] - Object: 'Object Repository/Page_Register/button_Sign Up' is clicked on

2020-02-20 17:57:45 - [MESSAGE][PASSED] - Delayed 3 second(s)

2020-02-20 17:57:46 - [MESSAGE][PASSED] - Object: 'Object Repository/Page_My Account/a_AccountMenu' is clicked on

2020-02-20 17:57:49 - [MESSAGE][PASSED] - Delayed 3 second(s)

2020-02-20 17:57:52 - [MESSAGE][PASSED] - Object: 'Object Repository/Page_My Account/a_Logout' is clicked on

2020-02-20 17:57:52 - [MESSAGE][PASSED] - com.Utilities.CommonUtilities.SignUp is PASSED

2020-02-20 17:57:52 - [TEST_STEP][PASSED] - com.Utilities.CommonUtilities.login(email, password): com.Utilities.CommonUtilities.login is PASSED

2020-02-20 17:57:53 - [MESSAGE][PASSED] - Object: 'Object Repository/Page_PHPTRAVELS_Home/a_My Account' is clicked on

2020-02-20 17:57:57 - [MESSAGE][PASSED] - Object: 'Object Repository/Page_PHPTRAVELS_Home/a_Login' is clicked on

2020-02-20 17:57:57 - [MESSAGE][PASSED] - Object: 'Object Repository/Page_Login/span_Email' is clicked on

2020-02-20 17:57:59 - [MESSAGE][PASSED] - Text 'chopade.supriya+0.6@gmail.com' is set on object 'Object Repository/Page_Login/input_Login_username'

2020-02-20 17:58:00 - [MESSAGE][PASSED] - Object: 'Object Repository/Page_Login/span_Password' is clicked on

2020-02-20 17:58:00 - [MESSAGE][PASSED] - Text 'Tester#123' is set on object 'Object Repository/Page_Login/input_Email_password'

2020-02-20 17:58:01 - [MESSAGE][PASSED] - Object: 'Object Repository/Page_Login/button_Login' is clicked on

2020-02-20 17:58:04 - [MESSAGE][PASSED] - Delayed 3 second(s)

2020-02-20 17:58:04 - [MESSAGE][PASSED] - Current window's url is: 'https://www.phptravels.net/account/'

2020-02-20 17:58:04 - [MESSAGE][PASSED] - com.Utilities.CommonUtilities.login is PASSED

2020-02-20 17:58:04 - [TEST_STEP][PASSED] - com.Utilities.CommonUtilities.logout(): com.Utilities.CommonUtilities.logout is PASSED

2020-02-20 17:58:05 - [MESSAGE][PASSED] - Object: 'Object Repository/Page_My Account/a_AccountMenu' is clicked on

2020-02-20 17:58:08 - [MESSAGE][PASSED] - Delayed 3 second(s)

2020-02-20 17:58:09 - [MESSAGE][PASSED] - Object: 'Object Repository/Page_My Account/a_Logout' is clicked on

2020-02-20 17:58:09 - [MESSAGE][PASSED] - com.Utilities.CommonUtilities.logout is PASSED

2020-02-20 17:58:09 - [TEST_STEP][PASSED] - delay(3): Delayed 3 second(s)

2020-02-20 17:58:12 - [MESSAGE][PASSED] - Delayed 3 second(s)

2020-02-20 17:58:12 - [TEST_STEP][PASSED] - fName = findTestData("TestData").getValue(1, i): null

2020-02-20 17:58:12 - [TEST_STEP][PASSED] - lName = findTestData("TestData").getValue(2, i): null

2020-02-20 17:58:12 - [TEST_STEP][PASSED] - phoneNo = findTestData("TestData").getValue(3, i): null

2020-02-20 17:58:12 - [TEST_STEP][PASSED] - email = findTestData("TestData").getValue(4, i): null

2020-02-20 17:58:12 - [TEST_STEP][PASSED] - password = findTestData("TestData").getValue(5, i): null

2020-02-20 17:58:12 - [TEST_STEP][FAILED] - com.Utilities.CommonUtilities.SignUp(fName, lName, phoneNo, email, password): Unable to set text 'chopade.supriya+0.7@gmail.com' of object 'Object Repository/Page_Register/input_Mobile Number_email'

2020-02-20 17:58:15 - [MESSAGE][PASSED] - Navigate to 'https://www.phptravels.net/login' successfully

2020-02-20 17:58:17 - [MESSAGE][PASSED] - Object: 'Object Repository/Page_Login/a_Sign Up' is clicked on

2020-02-20 17:58:18 - [MESSAGE][PASSED] - Object: 'Object Repository/Page_Register/span_First Name' is clicked on

2020-02-20 17:58:18 - [MESSAGE][PASSED] - Text 'Data' is set on object 'Object Repository/Page_Register/input_Sign Up_firstname'

2020-02-20 17:58:19 - [MESSAGE][PASSED] - Object: 'Object Repository/Page_Register/span_Last Name' is clicked on

2020-02-20 17:58:20 - [MESSAGE][PASSED] - Object: 'Object Repository/Page_Register/input_First Name_lastname' is clicked on

2020-02-20 17:58:20 - [MESSAGE][PASSED] - Text 'Two' is set on object 'Object Repository/Page_Register/input_First Name_lastname'

2020-02-20 17:58:21 - [MESSAGE][PASSED] - Object: 'Object Repository/Page_Register/span_Mobile Number' is clicked on

2020-02-20 17:58:21 - [MESSAGE][PASSED] - Text '9921973333' is set on object 'Object Repository/Page_Register/input_Last Name_phone'

2020-02-20 17:58:22 - [MESSAGE][PASSED] - Object: 'Object Repository/Page_Register/span_Email' is clicked on

2020-02-20 17:58:26 - [MESSAGE][WARNING] - Cannot take screenshot

2020-02-20 17:58:26 - [MESSAGE][FAILED] - Unable to set text 'chopade.supriya+0.7@gmail.com' of object 'Object Repository/Page_Register/input_Mobile Number_email' (Root cause: com.kms.katalon.core.exception.StepFailedException: Unable to set text 'chopade.supriya+0.7@gmail.com' of object 'Object Repository/Page_Register/input_Mobile Number_email'
	at com.kms.katalon.core.webui.keyword.internal.WebUIKeywordMain.stepFailed(WebUIKeywordMain.groovy:64)
	at com.kms.katalon.core.webui.keyword.internal.WebUIKeywordMain.runKeyword(WebUIKeywordMain.groovy:26)
	at com.kms.katalon.core.webui.keyword.builtin.SetTextKeyword.setText(SetTextKeyword.groovy:66)
	at com.kms.katalon.core.webui.keyword.builtin.SetTextKeyword.execute(SetTextKeyword.groovy:37)
	at com.kms.katalon.core.keyword.internal.KeywordExecutor.executeKeywordForPlatform(KeywordExecutor.groovy:72)
	at com.kms.katalon.core.webui.keyword.WebUiBuiltInKeywords.setText(WebUiBuiltInKeywords.groovy:950)
	at com.kms.katalon.core.webui.keyword.WebUiBuiltInKeywords$setText$3.call(Unknown Source)
	at com.Utilities.CommonUtilities.SignUp(CommonUtilities.groovy:113)
	at com.Utilities.CommonUtilities.invokeMethod(CommonUtilities.groovy)
	at com.kms.katalon.core.main.CustomKeywordDelegatingMetaClass.invokeStaticMethod(CustomKeywordDelegatingMetaClass.java:50)
	at Login.run(Login:34)
	at com.kms.katalon.core.main.ScriptEngine.run(ScriptEngine.java:194)
	at com.kms.katalon.core.main.ScriptEngine.runScriptAsRawText(ScriptEngine.java:119)
	at com.kms.katalon.core.main.TestCaseExecutor.runScript(TestCaseExecutor.java:337)
	at com.kms.katalon.core.main.TestCaseExecutor.doExecute(TestCaseExecutor.java:328)
	at com.kms.katalon.core.main.TestCaseExecutor.processExecutionPhase(TestCaseExecutor.java:307)
	at com.kms.katalon.core.main.TestCaseExecutor.accessMainPhase(TestCaseExecutor.java:299)
	at com.kms.katalon.core.main.TestCaseExecutor.execute(TestCaseExecutor.java:233)
	at com.kms.katalon.core.main.TestSuiteExecutor.accessTestCaseMainPhase(TestSuiteExecutor.java:169)
	at com.kms.katalon.core.main.TestSuiteExecutor.accessTestSuiteMainPhase(TestSuiteExecutor.java:142)
	at com.kms.katalon.core.main.TestSuiteExecutor.execute(TestSuiteExecutor.java:91)
	at com.kms.katalon.core.main.TestCaseMain.startTestSuite(TestCaseMain.java:157)
	at com.kms.katalon.core.main.TestCaseMain$startTestSuite$0.call(Unknown Source)
	at TempTestSuite1582201562627.run(TempTestSuite1582201562627.groovy:36)
Caused by: org.openqa.selenium.NoSuchWindowException: Browsing context has been discarded
Build info: version: '3.141.59', revision: 'e82be7d358', time: '2018-11-14T08:25:53'
System info: host: 'DESKTOP-K853U50', ip: '192.168.1.204', os.name: 'Windows 10', os.arch: 'amd64', os.version: '10.0', java.version: '1.8.0_181'
Driver info: com.kms.katalon.core.webui.driver.firefox.CGeckoDriver
Capabilities {acceptInsecureCerts: true, browserName: firefox, browserVersion: 73.0.1, javascriptEnabled: true, moz:accessibilityChecks: false, moz:buildID: 20200217142647, moz:geckodriverVersion: 0.24.0, moz:headless: false, moz:processID: 18628, moz:profile: C:\Users\supri\AppData\Loca..., moz:shutdownTimeout: 60000, moz:useNonSpecCompliantPointerOrigin: false, moz:webdriverClick: true, pageLoadStrategy: normal, platform: WINDOWS, platformName: WINDOWS, platformVersion: 10.0, proxy: Proxy(direct), rotatable: false, setWindowRect: true, strictFileInteractability: false, timeouts: {implicit: 0, pageLoad: 300000, script: 30000}, unhandledPromptBehavior: dismiss and notify}
Session ID: efee2245-d454-4e94-bbc1-bb054c12b180
	at org.openqa.selenium.remote.http.W3CHttpResponseCodec.createException(W3CHttpResponseCodec.java:187)
	at org.openqa.selenium.remote.http.W3CHttpResponseCodec.decode(W3CHttpResponseCodec.java:122)
	at org.openqa.selenium.remote.http.W3CHttpResponseCodec.decode(W3CHttpResponseCodec.java:49)
	at org.openqa.selenium.remote.HttpCommandExecutor.execute(HttpCommandExecutor.java:158)
	at org.openqa.selenium.remote.service.DriverCommandExecutor.execute(DriverCommandExecutor.java:83)
	at org.openqa.selenium.remote.RemoteWebDriver.execute(RemoteWebDriver.java:552)
	at com.kms.katalon.selenium.driver.CFirefoxDriver.execute(CFirefoxDriver.java:27)
	at org.openqa.selenium.remote.RemoteWebElement.execute(RemoteWebElement.java:285)
	at org.openqa.selenium.remote.RemoteWebElement.clear(RemoteWebElement.java:124)
	at org.openqa.selenium.support.events.EventFiringWebDriver$EventFiringWebElement.lambda$new$0(EventFiringWebDriver.java:404)
	at com.sun.proxy.$Proxy9.clear(Unknown Source)
	at org.openqa.selenium.support.events.EventFiringWebDriver$EventFiringWebElement.clear(EventFiringWebDriver.java:436)
	at com.kms.katalon.core.webui.keyword.builtin.SetTextKeyword$_setText_closure1.doCall(SetTextKeyword.groovy:53)
	at com.kms.katalon.core.webui.keyword.builtin.SetTextKeyword$_setText_closure1.call(SetTextKeyword.groovy)
	at com.kms.katalon.core.webui.keyword.internal.WebUIKeywordMain.runKeyword(WebUIKeywordMain.groovy:20)
	at com.kms.katalon.core.webui.keyword.builtin.SetTextKeyword.setText(SetTextKeyword.groovy:66)
	at com.kms.katalon.core.webui.keyword.builtin.SetTextKeyword.execute(SetTextKeyword.groovy:37)
	at com.kms.katalon.core.keyword.internal.KeywordExecutor.executeKeywordForPlatform(KeywordExecutor.groovy:72)
	at com.kms.katalon.core.webui.keyword.WebUiBuiltInKeywords.setText(WebUiBuiltInKeywords.groovy:950)
	at com.kms.katalon.core.webui.keyword.WebUiBuiltInKeywords$setText$3.call(Unknown Source)
	at com.Utilities.CommonUtilities.SignUp(CommonUtilities.groovy:113)
	at com.Utilities.CommonUtilities.invokeMethod(CommonUtilities.groovy)
	at com.kms.katalon.core.main.CustomKeywordDelegatingMetaClass.invokeStaticMethod(CustomKeywordDelegatingMetaClass.java:50)
	at Script1582117146602.run(Script1582117146602.groovy:34)
	... 13 more
)

2020-02-20 17:58:26 - [MESSAGE][FAILED] - Unable to set text 'chopade.supriya+0.7@gmail.com' of object 'Object Repository/Page_Register/input_Mobile Number_email']]></system-out>
         <system-err><![CDATA[2020-02-20 17:56:16 - [TEST_CASE][FAILED] - Test Cases/Login: Test Cases/Login FAILED.
Reason:
com.kms.katalon.core.exception.StepFailedException: Unable to set text 'chopade.supriya+0.7@gmail.com' of object 'Object Repository/Page_Register/input_Mobile Number_email'
	at com.kms.katalon.core.webui.keyword.internal.WebUIKeywordMain.stepFailed(WebUIKeywordMain.groovy:64)
	at com.kms.katalon.core.webui.keyword.internal.WebUIKeywordMain.runKeyword(WebUIKeywordMain.groovy:26)
	at com.kms.katalon.core.webui.keyword.builtin.SetTextKeyword.setText(SetTextKeyword.groovy:66)
	at com.kms.katalon.core.webui.keyword.builtin.SetTextKeyword.execute(SetTextKeyword.groovy:37)
	at com.kms.katalon.core.keyword.internal.KeywordExecutor.executeKeywordForPlatform(KeywordExecutor.groovy:72)
	at com.kms.katalon.core.webui.keyword.WebUiBuiltInKeywords.setText(WebUiBuiltInKeywords.groovy:950)
	at com.kms.katalon.core.webui.keyword.WebUiBuiltInKeywords$setText$3.call(Unknown Source)
	at com.Utilities.CommonUtilities.SignUp(CommonUtilities.groovy:113)
	at com.Utilities.CommonUtilities.invokeMethod(CommonUtilities.groovy)
	at com.kms.katalon.core.main.CustomKeywordDelegatingMetaClass.invokeStaticMethod(CustomKeywordDelegatingMetaClass.java:50)
	at Login.run(Login:34)
	at com.kms.katalon.core.main.ScriptEngine.run(ScriptEngine.java:194)
	at com.kms.katalon.core.main.ScriptEngine.runScriptAsRawText(ScriptEngine.java:119)
	at com.kms.katalon.core.main.TestCaseExecutor.runScript(TestCaseExecutor.java:337)
	at com.kms.katalon.core.main.TestCaseExecutor.doExecute(TestCaseExecutor.java:328)
	at com.kms.katalon.core.main.TestCaseExecutor.processExecutionPhase(TestCaseExecutor.java:307)
	at com.kms.katalon.core.main.TestCaseExecutor.accessMainPhase(TestCaseExecutor.java:299)
	at com.kms.katalon.core.main.TestCaseExecutor.execute(TestCaseExecutor.java:233)
	at com.kms.katalon.core.main.TestSuiteExecutor.accessTestCaseMainPhase(TestSuiteExecutor.java:169)
	at com.kms.katalon.core.main.TestSuiteExecutor.accessTestSuiteMainPhase(TestSuiteExecutor.java:142)
	at com.kms.katalon.core.main.TestSuiteExecutor.execute(TestSuiteExecutor.java:91)
	at com.kms.katalon.core.main.TestCaseMain.startTestSuite(TestCaseMain.java:157)
	at com.kms.katalon.core.main.TestCaseMain$startTestSuite$0.call(Unknown Source)
	at TempTestSuite1582201562627.run(TempTestSuite1582201562627.groovy:36)
Caused by: org.openqa.selenium.NoSuchWindowException: Browsing context has been discarded
Build info: version: '3.141.59', revision: 'e82be7d358', time: '2018-11-14T08:25:53'
System info: host: 'DESKTOP-K853U50', ip: '192.168.1.204', os.name: 'Windows 10', os.arch: 'amd64', os.version: '10.0', java.version: '1.8.0_181'
Driver info: com.kms.katalon.core.webui.driver.firefox.CGeckoDriver
Capabilities {acceptInsecureCerts: true, browserName: firefox, browserVersion: 73.0.1, javascriptEnabled: true, moz:accessibilityChecks: false, moz:buildID: 20200217142647, moz:geckodriverVersion: 0.24.0, moz:headless: false, moz:processID: 18628, moz:profile: C:\Users\supri\AppData\Loca..., moz:shutdownTimeout: 60000, moz:useNonSpecCompliantPointerOrigin: false, moz:webdriverClick: true, pageLoadStrategy: normal, platform: WINDOWS, platformName: WINDOWS, platformVersion: 10.0, proxy: Proxy(direct), rotatable: false, setWindowRect: true, strictFileInteractability: false, timeouts: {implicit: 0, pageLoad: 300000, script: 30000}, unhandledPromptBehavior: dismiss and notify}
Session ID: efee2245-d454-4e94-bbc1-bb054c12b180
	at org.openqa.selenium.remote.http.W3CHttpResponseCodec.createException(W3CHttpResponseCodec.java:187)
	at org.openqa.selenium.remote.http.W3CHttpResponseCodec.decode(W3CHttpResponseCodec.java:122)
	at org.openqa.selenium.remote.http.W3CHttpResponseCodec.decode(W3CHttpResponseCodec.java:49)
	at org.openqa.selenium.remote.HttpCommandExecutor.execute(HttpCommandExecutor.java:158)
	at org.openqa.selenium.remote.service.DriverCommandExecutor.execute(DriverCommandExecutor.java:83)
	at org.openqa.selenium.remote.RemoteWebDriver.execute(RemoteWebDriver.java:552)
	at com.kms.katalon.selenium.driver.CFirefoxDriver.execute(CFirefoxDriver.java:27)
	at org.openqa.selenium.remote.RemoteWebElement.execute(RemoteWebElement.java:285)
	at org.openqa.selenium.remote.RemoteWebElement.clear(RemoteWebElement.java:124)
	at org.openqa.selenium.support.events.EventFiringWebDriver$EventFiringWebElement.lambda$new$0(EventFiringWebDriver.java:404)
	at com.sun.proxy.$Proxy9.clear(Unknown Source)
	at org.openqa.selenium.support.events.EventFiringWebDriver$EventFiringWebElement.clear(EventFiringWebDriver.java:436)
	at com.kms.katalon.core.webui.keyword.builtin.SetTextKeyword$_setText_closure1.doCall(SetTextKeyword.groovy:53)
	at com.kms.katalon.core.webui.keyword.builtin.SetTextKeyword$_setText_closure1.call(SetTextKeyword.groovy)
	at com.kms.katalon.core.webui.keyword.internal.WebUIKeywordMain.runKeyword(WebUIKeywordMain.groovy:20)
	... 22 more]]></system-err>
      </testcase>
      <system-out><![CDATA[2020-02-20 17:56:15 - [TEST_SUITE][INCOMPLETE] - Login Test Cases: null]]></system-out>
      <system-err><![CDATA[2020-02-20 17:56:15 - [TEST_SUITE][INCOMPLETE] - Login Test Cases: null]]></system-err>
   </testsuite>
</testsuites>
